DEBUG Legend:

:01 RailsWarden:Manager
:st serialize_into_session              using person_authentication_key rather than user.id
:sf serialize_from_session              retrieves memory object from object cache

:pw Strategy :password                  set user and call after_auth, fail (if last) and call after_fetch_failed:event:authent
:rt Strategy :remember_token
:ba Strategy :http_basic_auth
:na Strategy :not_authorized

:or Callback :on_request                 Nothing
:aa Callback :after_authentication       Establishs User caches, resolve roles, clear session-menu, checks last login, causes user.save
:aff Callback :after_failed_fetch        if path.secure then DROPS both cookies, clears flash, issue "Please login..."
:bf Callback :before_failure             DROPS remember_token, set REDIRECT :unauthenticated
:bl Callback :before_logout              User cleanup, drops token and session, resets session


LOGOUT ======================================================

Started DELETE "/signout" for ::1 at 2015-12-27 09:35:10 -0500
  User.fetch_cached_user(8dc4796bf27027389fceecd70e354499) returns: Employee Primary User: Developer, CachedKeys: 1:[{:"8dc4796bf27027389fceecd70e354499"=>"skoona"}]
 Warden::Manager.on_request(ENTER) userId=Employee Primary User: Developer, original_fullpath=/signout, session.keys=["session_id", "_csrf_token", "warden.user.default.key"]
 Warden::Manager.on_request(EXIT) bypass=true, redirected=false, userId=Employee Primary User: Developer, token=true, path_info=/signout, sessionId=4cbdc88bc60d53196d6013d943d6cab3
Processing by SessionsController#destroy as HTML
  Parameters: {"authenticity_token"=>"qge15ElZU8IYZxzEC6f4Qc7bdY5/D5d0tm6pOlM/ypwc3/4S6M0XVEi9h65CzbG3pMz0OExmQ54M4obF3XAEvg=="}
  User.disable_authentication_controls(Employee Primary User: Developer) Token=8dc4796bf27027389fceecd70e354499
 Warden::Manager.before_logout(ONLY) user=Employee Primary User: Developer, Host=localhost, session.id=4cbdc88bc60d53196d6013d943d6cab3
Redirected to http://localhost:3000/
Completed 302 Found in 38ms (ActiveRecord: 0.0ms)


Started GET "/" for ::1 at 2015-12-27 09:35:10 -0500
 Warden::Manager.after_failed_fetch(ONLY) remember_token present?(false), user=, session.id=4cbdc88bc60d53196d6013d943d6cab3
 Warden::Manager.on_request(ENTER) userId=, original_fullpath=/, session.keys=["flash", "session_id"]
 Warden::Manager.on_request(EXIT) bypass=true, redirected=false, userId=, token=false, path_info=/, sessionId=4cbdc88bc60d53196d6013d943d6cab3
Processing by PagesController#home as HTML
Page 'pages/home' accessed by user ''
PagesController.establish_domain_services() Called for session.id=4cbdc88bc60d53196d6013d943d6cab3
PagesController.manage_domain_services() Called for session.id=4cbdc88bc60d53196d6013d943d6cab3
Completed 200 OK in 91ms (Views: 82.2ms | ActiveRecord: 0.0ms)


Started GET "/about" for ::1 at 2015-12-27 09:35:39 -0500
 Warden::Manager.after_failed_fetch(ONLY) remember_token present?(false), user=, session.id=4cbdc88bc60d53196d6013d943d6cab3
 Warden::Manager.on_request(ENTER) userId=, original_fullpath=/about, session.keys=["flash", "session_id", "_csrf_token"]
 Warden::Manager.on_request(EXIT) bypass=false, redirected=true, userId=, token=false, path_info=/about, sessionId=4cbdc88bc60d53196d6013d943d6cab3
Processing by PagesController#about as HTML
Page 'pages/about' accessed by user ''
PagesController.establish_domain_services() Called for session.id=4cbdc88bc60d53196d6013d943d6cab3
PagesController.manage_domain_services() Called for session.id=4cbdc88bc60d53196d6013d943d6cab3
Completed 200 OK in 89ms (Views: 82.4ms | ActiveRecord: 0.0ms)


Started GET "/signin" for ::1 at 2015-12-27 09:35:41 -0500
 Warden::Manager.after_failed_fetch(ONLY) remember_token present?(false), user=, session.id=4cbdc88bc60d53196d6013d943d6cab3
 Warden::Manager.on_request(ENTER) userId=, original_fullpath=/signin, session.keys=["session_id", "_csrf_token"]
 Warden::Manager.on_request(EXIT) bypass=true, redirected=false, userId=, token=false, path_info=/signin, sessionId=4cbdc88bc60d53196d6013d943d6cab3
Processing by SessionsController#new as HTML
Completed 200 OK in 90ms (Views: 83.8ms | ActiveRecord: 0.0ms)



LOGIN ======================================================
Started POST "/sessions" for ::1 at 2015-12-27 09:35:59 -0500
 Warden::Manager.after_failed_fetch(ONLY) remember_token present?(false), user=, session.id=4cbdc88bc60d53196d6013d943d6cab3
 Warden::Manager.on_request(ENTER) userId=, original_fullpath=/sessions, session.keys=["session_id", "_csrf_token"]
 Warden::Manager.on_request(EXIT) bypass=false, redirected=true, userId=, token=false, path_info=/sessions, sessionId=4cbdc88bc60d53196d6013d943d6cab3
Processing by SessionsController#create as HTML
  Parameters: {"utf8"=>"✓", "authenticity_token"=>"HCVZ1ASgWw6Ro9s3BZJ3pN8S9Mq8TFhNDoS/P27xfhCbufFDrrUTCrfNxnMQcSt0hn6MnaVwIEfl+6CJzq4k7w==", "session"=>{"username"=>"skoona", "password"=>"[FILTERED]", "remember_me_token"=>"1"}, "commit"=>""}
  User Load (0.7ms)  SELECT  "users".* FROM "users" WHERE "users"."username" = $1 LIMIT 1  [["username", "skoona"]]
  ContentProfile Load (0.4ms)  SELECT  "content_profiles".* FROM "content_profiles" WHERE "content_profiles"."person_authentication_key" = $1 LIMIT 1  [["person_authentication_key", "8dc4796bf27027389fceecd70e354499"]]
  User.enable_authentication_controls(Employee Primary User: Developer) Token=8dc4796bf27027389fceecd70e354499
 Warden::Manager.after_authentication(ONLY, token=true) user=Employee Primary User: Developer, Host=localhost, session.id=4cbdc88bc60d53196d6013d943d6cab3 
Redirected to http://localhost:3000/home
Completed 302 Found in 113ms (ActiveRecord: 6.3ms)


Started GET "/home" for ::1 at 2015-12-27 09:35:59 -0500
  User.fetch_cached_user(8dc4796bf27027389fceecd70e354499) returns: Employee Primary User: Developer, CachedKeys: 1:[{:"8dc4796bf27027389fceecd70e354499"=>"skoona"}]
 Warden::Manager.on_request(ENTER) userId=Employee Primary User: Developer, original_fullpath=/home, session.keys=["session_id", "_csrf_token", "warden.user.default.key", "flash"]
 Warden::Manager.on_request(EXIT) bypass=false, redirected=false, userId=Employee Primary User: Developer, token=true, path_info=/home, sessionId=7bf90c6f58f4aa3ed949cc7fcbf8c8c2
Processing by PagesController#home as HTML
Page 'pages/home' accessed by user 'Employee Primary User: Developer'
PagesController.establish_domain_services() Called for session.id=7bf90c6f58f4aa3ed949cc7fcbf8c8c2
  Rendered pages/home.html.erb within layouts/application (0.4ms)
PagesController.manage_domain_services() Called for session.id=7bf90c6f58f4aa3ed949cc7fcbf8c8c2
Completed 200 OK in 100ms (Views: 89.9ms | ActiveRecord: 0.0ms)






===============================================================================================
=============================== UNSECURE REQUEST ==============================================
===============================================================================================

Started GET "/content_profiles/1" for ::1 at 2015-12-28 02:48:28 -0500
  ActiveRecord::SchemaMigration Load (0.8ms)  SELECT "schema_migrations".* FROM "schema_migrations"
===============[DEBUG]or: Object#
===============[DEBUG]aff: Object#
 Warden::Manager.after_failed_fetch(ONLY) remember_token present?(true), opts={:scope=>:access_profile}, user=, session.id=
 Warden::Manager.on_request(ENTER) userId=, original_fullpath=/content_profiles/1, session.keys=[]
Processing xml file => [/Users/jscott/masterWork/SknService/config/access_registry.xml]
 Warden::Manager.on_request(EXIT) bypass=false, redirected=true, userId=, token=true, path_info=/content_profiles/1, sessionId=
Processing by ContentProfilesController#show as HTML
  Parameters: {"id"=>"1"}
Restricted Page 'content_profiles/show' accessed, redirecting to Sign in page
Redirected to http://localhost:3000/signin
Page 'content_profiles/show' accessed by user ''
Filter chain halted as :login_required rendered or redirected
Completed 302 Found in 23ms (ActiveRecord: 0.0ms)


Started GET "/signin" for ::1 at 2015-12-28 02:48:28 -0500
===============[DEBUG]or: Object#
===============[DEBUG]aff: Object#
 Warden::Manager.after_failed_fetch(ONLY) remember_token present?(true), opts={:scope=>:access_profile}, user=, session.id=00ea6a2c253cd7cdbc43493a8eabe59e
 Warden::Manager.on_request(ENTER) userId=, original_fullpath=/signin, session.keys=["session_id", "return_to", "flash"]
 Warden::Manager.on_request(EXIT) bypass=true, redirected=false, userId=, token=true, path_info=/signin, sessionId=00ea6a2c253cd7cdbc43493a8eabe59e
Processing by SessionsController#new as HTML
Completed 200 OK in 563ms (Views: 552.2ms | ActiveRecord: 0.0ms)


Started GET "/about" for ::1 at 2015-12-28 02:49:21 -0500
===============[DEBUG]or: Object#
===============[DEBUG]aff: Object#
 Warden::Manager.after_failed_fetch(ONLY) remember_token present?(true), opts={:scope=>:access_profile}, user=, session.id=00ea6a2c253cd7cdbc43493a8eabe59e
 Warden::Manager.on_request(ENTER) userId=, original_fullpath=/about, session.keys=["session_id", "return_to", "flash", "_csrf_token"]
 Warden::Manager.on_request(EXIT) bypass=false, redirected=true, userId=, token=true, path_info=/about, sessionId=00ea6a2c253cd7cdbc43493a8eabe59e
Processing by PagesController#about as HTML
Page 'pages/about' accessed by user ''
PagesController.establish_domain_services() Called for session.id=00ea6a2c253cd7cdbc43493a8eabe59e
PagesController.manage_domain_services() Called for session.id=00ea6a2c253cd7cdbc43493a8eabe59e
Completed 200 OK in 213ms (Views: 178.0ms | ActiveRecord: 0.0ms)


Started GET "/home" for ::1 at 2015-12-28 02:49:22 -0500
===============[DEBUG]or: Object#
===============[DEBUG]aff: Object#
 Warden::Manager.after_failed_fetch(ONLY) remember_token present?(true), opts={:scope=>:access_profile}, user=, session.id=00ea6a2c253cd7cdbc43493a8eabe59e
 Warden::Manager.on_request(ENTER) userId=, original_fullpath=/home, session.keys=["session_id", "return_to", "_csrf_token"]
 Warden::Manager.on_request(EXIT) bypass=false, redirected=true, userId=, token=true, path_info=/home, sessionId=00ea6a2c253cd7cdbc43493a8eabe59e
Processing by PagesController#home as HTML
Page 'pages/home' accessed by user ''
PagesController.establish_domain_services() Called for session.id=00ea6a2c253cd7cdbc43493a8eabe59e
PagesController.manage_domain_services() Called for session.id=00ea6a2c253cd7cdbc43493a8eabe59e
Completed 200 OK in 120ms (Views: 108.5ms | ActiveRecord: 0.0ms)


Started GET "/signin" for ::1 at 2015-12-28 02:49:25 -0500
===============[DEBUG]or: Object#
===============[DEBUG]aff: Object#
 Warden::Manager.after_failed_fetch(ONLY) remember_token present?(true), opts={:scope=>:access_profile}, user=, session.id=00ea6a2c253cd7cdbc43493a8eabe59e
 Warden::Manager.on_request(ENTER) userId=, original_fullpath=/signin, session.keys=["session_id", "return_to", "_csrf_token"]
 Warden::Manager.on_request(EXIT) bypass=true, redirected=false, userId=, token=true, path_info=/signin, sessionId=00ea6a2c253cd7cdbc43493a8eabe59e
Processing by SessionsController#new as HTML
Completed 200 OK in 100ms (Views: 93.8ms | ActiveRecord: 0.0ms)


Started POST "/sessions" for ::1 at 2015-12-28 02:49:55 -0500
===============[DEBUG]or: Object#
===============[DEBUG]aff: Object#
 Warden::Manager.after_failed_fetch(ONLY) remember_token present?(true), opts={:scope=>:access_profile}, user=, session.id=00ea6a2c253cd7cdbc43493a8eabe59e
 Warden::Manager.on_request(ENTER) userId=, original_fullpath=/sessions, session.keys=["session_id", "return_to", "_csrf_token"]
 Warden::Manager.on_request(EXIT) bypass=false, redirected=true, userId=, token=true, path_info=/sessions, sessionId=00ea6a2c253cd7cdbc43493a8eabe59e
Processing by SessionsController#create as HTML
  Parameters: {"utf8"=>"✓", "authenticity_token"=>"yGhIYatyZignqUaorBR/gl1bwEZt29TOj0Eqm36k239fBB2clEwA/0vLrgQwmovGtUUwwatNEfncu1WhF83PGw==", "session"=>{"username"=>"skoona", "password"=>"[FILTERED]", "remember_me_token"=>"1"}, "commit"=>""}
===============[DEBUG]:rt #<Class:0x007fb538e61190>#valid?
===============[DEBUG]:pw #<Class:0x007fb538e61280>#valid?
  User Load (1.0ms)  SELECT  "users".* FROM "users" WHERE "users"."username" = $1 LIMIT 1  [["username", "skoona"]]
===============[DEBUG]:st Warden::SessionSerializer#serialize
===============[DEBUG]aa: Object#
  User.enable_authentication_controls(Employee Primary User: Developer) Token=8dc4796bf27027389fceecd70e354499
 Warden::Manager.after_authentication(ONLY, token=true) user=Employee Primary User: Developer, Host=localhost, session.id=00ea6a2c253cd7cdbc43493a8eabe59e 
Redirected to http://localhost:3000/content_profiles/1
Completed 302 Found in 659ms (ActiveRecord: 39.3ms)


Started GET "/content_profiles/1" for ::1 at 2015-12-28 02:49:55 -0500
===============[DEBUG]or: Object#
===============[DEBUG]:sf Warden::SessionSerializer#deserialize
  User.fetch_cached_user(8dc4796bf27027389fceecd70e354499) returns: Employee Primary User: Developer, CachedKeys: 1:[{:"8dc4796bf27027389fceecd70e354499"=>"skoona"}]
 Warden::Manager.on_request(ENTER) userId=Employee Primary User: Developer, original_fullpath=/content_profiles/1, session.keys=["session_id", "_csrf_token", "warden.user.access_profile.key", "flash"]
 Warden::Manager.on_request(EXIT) bypass=false, redirected=false, userId=Employee Primary User: Developer, token=true, path_info=/content_profiles/1, sessionId=3ee32a4cdc87508a4e4da6c6c1d0e5fb
Processing by ContentProfilesController#show as HTML
  Parameters: {"id"=>"1"}
Page 'content_profiles/show' accessed by user 'Employee Primary User: Developer'
ContentProfilesController.manage_domain_services() Called for session.id=3ee32a4cdc87508a4e4da6c6c1d0e5fb
Completed 200 OK in 148ms (Views: 129.0ms | ActiveRecord: 1.4ms)


Started GET "/content_profiles/1/edit" for ::1 at 2015-12-28 02:51:31 -0500
===============[DEBUG]or: Object#
===============[DEBUG]:sf Warden::SessionSerializer#deserialize
  User.fetch_cached_user(8dc4796bf27027389fceecd70e354499) returns: Employee Primary User: Developer, CachedKeys: 1:[{:"8dc4796bf27027389fceecd70e354499"=>"skoona"}]
 Warden::Manager.on_request(ENTER) userId=Employee Primary User: Developer, original_fullpath=/content_profiles/1/edit, session.keys=["session_id", "_csrf_token", "warden.user.access_profile.key", "flash"]
 Warden::Manager.on_request(EXIT) bypass=false, redirected=false, userId=Employee Primary User: Developer, token=true, path_info=/content_profiles/1/edit, sessionId=3ee32a4cdc87508a4e4da6c6c1d0e5fb
Processing by ContentProfilesController#edit as HTML
  Parameters: {"id"=>"1"}
Page 'content_profiles/edit' accessed by user 'Employee Primary User: Developer'
ContentProfilesController.establish_domain_services() Called for session.id=3ee32a4cdc87508a4e4da6c6c1d0e5fb
ContentProfilesController.manage_domain_services() Called for session.id=3ee32a4cdc87508a4e4da6c6c1d0e5fb
Completed 200 OK in 885ms (Views: 842.8ms | ActiveRecord: 1.1ms)


Started GET "/content_profiles/1" for ::1 at 2015-12-28 02:51:54 -0500
===============[DEBUG]or: Object#
===============[DEBUG]:sf Warden::SessionSerializer#deserialize
  User.fetch_cached_user(8dc4796bf27027389fceecd70e354499) returns: Employee Primary User: Developer, CachedKeys: 1:[{:"8dc4796bf27027389fceecd70e354499"=>"skoona"}]
 Warden::Manager.on_request(ENTER) userId=Employee Primary User: Developer, original_fullpath=/content_profiles/1, session.keys=["session_id", "_csrf_token", "warden.user.access_profile.key"]
 Warden::Manager.on_request(EXIT) bypass=false, redirected=false, userId=Employee Primary User: Developer, token=true, path_info=/content_profiles/1, sessionId=3ee32a4cdc87508a4e4da6c6c1d0e5fb
Processing by ContentProfilesController#show as HTML
  Parameters: {"id"=>"1"}
Page 'content_profiles/show' accessed by user 'Employee Primary User: Developer'
ContentProfilesController.establish_domain_services() Called for session.id=3ee32a4cdc87508a4e4da6c6c1d0e5fb
ContentProfilesController.manage_domain_services() Called for session.id=3ee32a4cdc87508a4e4da6c6c1d0e5fb
Completed 200 OK in 128ms (Views: 116.6ms | ActiveRecord: 2.9ms)


Started GET "/access_profile_demo" for ::1 at 2015-12-28 02:51:58 -0500
===============[DEBUG]or: Object#
===============[DEBUG]:sf Warden::SessionSerializer#deserialize
  User.fetch_cached_user(8dc4796bf27027389fceecd70e354499) returns: Employee Primary User: Developer, CachedKeys: 1:[{:"8dc4796bf27027389fceecd70e354499"=>"skoona"}]
 Warden::Manager.on_request(ENTER) userId=Employee Primary User: Developer, original_fullpath=/access_profile_demo, session.keys=["session_id", "_csrf_token", "warden.user.access_profile.key"]
 Warden::Manager.on_request(EXIT) bypass=false, redirected=false, userId=Employee Primary User: Developer, token=true, path_info=/access_profile_demo, sessionId=3ee32a4cdc87508a4e4da6c6c1d0e5fb
Processing by ProfilesController#access_profile_demo as HTML
Page 'profiles/access_profile_demo' accessed by user 'Employee Primary User: Developer'
ProfilesController.establish_domain_services() Called for session.id=3ee32a4cdc87508a4e4da6c6c1d0e5fb
ProfilesController.manage_domain_services() Called for session.id=3ee32a4cdc87508a4e4da6c6c1d0e5fb
Completed 200 OK in 122ms (Views: 114.3ms | ActiveRecord: 0.0ms)


Started GET "/user_group_roles" for ::1 at 2015-12-28 02:52:07 -0500
===============[DEBUG]or: Object#
===============[DEBUG]:sf Warden::SessionSerializer#deserialize
  User.fetch_cached_user(8dc4796bf27027389fceecd70e354499) returns: Employee Primary User: Developer, CachedKeys: 1:[{:"8dc4796bf27027389fceecd70e354499"=>"skoona"}]
 Warden::Manager.on_request(ENTER) userId=Employee Primary User: Developer, original_fullpath=/user_group_roles, session.keys=["session_id", "_csrf_token", "warden.user.access_profile.key"]
 Warden::Manager.on_request(EXIT) bypass=false, redirected=false, userId=Employee Primary User: Developer, token=true, path_info=/user_group_roles, sessionId=3ee32a4cdc87508a4e4da6c6c1d0e5fb
Processing by UserGroupRolesController#index as HTML
Page 'user_group_roles/index' accessed by user 'Employee Primary User: Developer'
UserGroupRolesController.establish_domain_services() Called for session.id=3ee32a4cdc87508a4e4da6c6c1d0e5fb
UserGroupRolesController.manage_domain_services() Called for session.id=3ee32a4cdc87508a4e4da6c6c1d0e5fb
Completed 200 OK in 143ms (Views: 124.8ms | ActiveRecord: 1.1ms)


Started GET "/user_group_roles/6" for ::1 at 2015-12-28 02:52:19 -0500
===============[DEBUG]or: Object#
===============[DEBUG]:sf Warden::SessionSerializer#deserialize
  User.fetch_cached_user(8dc4796bf27027389fceecd70e354499) returns: Employee Primary User: Developer, CachedKeys: 1:[{:"8dc4796bf27027389fceecd70e354499"=>"skoona"}]
 Warden::Manager.on_request(ENTER) userId=Employee Primary User: Developer, original_fullpath=/user_group_roles/6, session.keys=["session_id", "_csrf_token", "warden.user.access_profile.key"]
 Warden::Manager.on_request(EXIT) bypass=false, redirected=false, userId=Employee Primary User: Developer, token=true, path_info=/user_group_roles/6, sessionId=3ee32a4cdc87508a4e4da6c6c1d0e5fb
Processing by UserGroupRolesController#show as HTML
  Parameters: {"id"=>"6"}
Page 'user_group_roles/show' accessed by user 'Employee Primary User: Developer'
UserGroupRolesController.establish_domain_services() Called for session.id=3ee32a4cdc87508a4e4da6c6c1d0e5fb
UserGroupRolesController.manage_domain_services() Called for session.id=3ee32a4cdc87508a4e4da6c6c1d0e5fb
Completed 200 OK in 116ms (Views: 106.8ms | ActiveRecord: 0.4ms)


Started GET "/user_group_roles" for ::1 at 2015-12-28 02:52:22 -0500
===============[DEBUG]or: Object#
===============[DEBUG]:sf Warden::SessionSerializer#deserialize
  User.fetch_cached_user(8dc4796bf27027389fceecd70e354499) returns: Employee Primary User: Developer, CachedKeys: 1:[{:"8dc4796bf27027389fceecd70e354499"=>"skoona"}]
 Warden::Manager.on_request(ENTER) userId=Employee Primary User: Developer, original_fullpath=/user_group_roles, session.keys=["session_id", "_csrf_token", "warden.user.access_profile.key"]
 Warden::Manager.on_request(EXIT) bypass=false, redirected=false, userId=Employee Primary User: Developer, token=true, path_info=/user_group_roles, sessionId=3ee32a4cdc87508a4e4da6c6c1d0e5fb
Processing by UserGroupRolesController#index as HTML
Page 'user_group_roles/index' accessed by user 'Employee Primary User: Developer'
UserGroupRolesController.establish_domain_services() Called for session.id=3ee32a4cdc87508a4e4da6c6c1d0e5fb
UserGroupRolesController.manage_domain_services() Called for session.id=3ee32a4cdc87508a4e4da6c6c1d0e5fb
Completed 200 OK in 93ms (Views: 84.6ms | ActiveRecord: 0.9ms)


===============================================================================================
=============================== SECURE REQUEST After 6ish hours ===============================
===============================================================================================

Started GET "/user_group_roles/2" for ::1 at 2015-12-28 08:46:51 -0500
===============[DEBUG]or: Object#
===============[DEBUG]:sf Warden::SessionSerializer#deserialize
  User.fetch_cached_user(8dc4796bf27027389fceecd70e354499) returns: Employee Primary User: Developer, CachedKeys: 1:[{:"8dc4796bf27027389fceecd70e354499"=>"skoona"}]
 Warden::Manager.on_request(ENTER) userId=Employee Primary User: Developer, original_fullpath=/user_group_roles/2, session.keys=["session_id", "_csrf_token", "warden.user.access_profile.key"]
 Warden::Manager.on_request(EXIT) bypass=false, redirected=false, userId=Employee Primary User: Developer, token=true, path_info=/user_group_roles/2, sessionId=3ee32a4cdc87508a4e4da6c6c1d0e5fb
Processing by UserGroupRolesController#show as HTML
  Parameters: {"id"=>"2"}
Page 'user_group_roles/show' accessed by user 'Employee Primary User: Developer'
UserGroupRolesController.establish_domain_services() Called for session.id=3ee32a4cdc87508a4e4da6c6c1d0e5fb
UserGroupRolesController.manage_domain_services() Called for session.id=3ee32a4cdc87508a4e4da6c6c1d0e5fb
Completed 200 OK in 376ms (Views: 312.5ms | ActiveRecord: 0.5ms)
